<?xml version="1.0" encoding="UTF-8"?>
<!-- Generated by org.testng.reporters.JUnitReportReporter -->
<testsuite hostname="LMC-LT-070" failures="0" tests="1" name="Vgive.Donatenow" time="61.528" errors="0" timestamp="2022-08-12T15:06:20 IST" skipped="0">
  <testcase classname="Vgive.Donatenow" name="DonatenowExecution" time="61.528"/>
  <system-out/>
</testsuite> <!-- Vgive.Donatenow -->
